<?xml version="1.0" encoding="UTF-8"?>
<!-- Generated by org.testng.reporters.JUnitReportReporter -->
<testsuite hostname="DESKTOP-TLJL57A" failures="0" tests="1" name="AssignmentProject.Qualicoach.EditUser" time="55.108" errors="0" timestamp="2021-10-19T22:42:07 IST" skipped="0">
  <testcase classname="AssignmentProject.Qualicoach.EditUser" name="getEditUser" time="55.108"/>
  <system-out/>
</testsuite> <!-- AssignmentProject.Qualicoach.EditUser -->
