<?xml version="1.0" encoding="UTF-8"?>
<!-- Generated by org.testng.reporters.JUnitReportReporter -->
<testsuite hostname="DESKTOP-TLJL57A" failures="0" tests="4" name="AssignmentProject.Qualicoach.HomePage" time="248.394" errors="0" timestamp="19 Oct 2021 10:40:31 GMT">
  <testcase classname="AssignmentProject.Qualicoach.HomePage" name="basePageNavigation" time="63.282"/>
  <testcase classname="AssignmentProject.Qualicoach.HomePage" name="basePageNavigation" time="48.928"/>
  <testcase classname="AssignmentProject.Qualicoach.HomePage" name="basePageNavigation" time="32.550"/>
  <testcase classname="AssignmentProject.Qualicoach.HomePage" name="basePageNavigation" time="103.634"/>
</testsuite> <!-- AssignmentProject.Qualicoach.HomePage -->
