<?xml version="1.0" encoding="UTF-8"?>
<!-- Generated by org.testng.reporters.JUnitReportReporter -->
<testsuite hostname="DESKTOP-TLJL57A" failures="0" tests="1" name="AssignmentProject.Qualicoach.CreateCourse" time="68.394" errors="0" timestamp="2021-10-19T22:47:53 IST" skipped="0">
  <testcase classname="AssignmentProject.Qualicoach.CreateCourse" name="getCreateCours" time="68.394"/>
  <system-out/>
</testsuite> <!-- AssignmentProject.Qualicoach.CreateCourse -->
