<?xml version="1.0" encoding="UTF-8"?>
<!-- Generated by org.testng.reporters.JUnitReportReporter -->
<testsuite hostname="DESKTOP-TLJL57A" failures="0" tests="1" name="AssignmentProject.Qualicoach.Download" time="62.333" errors="0" timestamp="2021-10-19T22:59:12 IST" skipped="0">
  <testcase classname="AssignmentProject.Qualicoach.Download" name="getDownload" time="62.333"/>
  <system-out/>
</testsuite> <!-- AssignmentProject.Qualicoach.Download -->
