<?xml version="1.0" encoding="UTF-8"?>
<!-- Generated by org.testng.reporters.JUnitReportReporter -->
<testsuite hostname="DESKTOP-TLJL57A" failures="0" tests="1" name="AssignmentProject.Qualicoach.DeleteUser" time="49.608" errors="0" timestamp="2021-10-19T22:40:15 IST" skipped="0">
  <testcase classname="AssignmentProject.Qualicoach.DeleteUser" name="getDeleteUser" time="49.608"/>
  <system-out/>
</testsuite> <!-- AssignmentProject.Qualicoach.DeleteUser -->
